#
# There is insufficient memory for the Java Runtime Environment to continue.
# Native memory allocation (malloc) failed to allocate 32744 bytes for Chunk::new
# Possible reasons:
#   The system is out of physical RAM or swap space
#   The process is running with CompressedOops enabled, and the Java Heap may be blocking the growth of the native heap
# Possible solutions:
#   Reduce memory load on the system
#   Increase physical memory or swap space
#   Check if swap backing store is full
#   Decrease Java heap size (-Xmx/-Xms)
#   Decrease number of Java threads
#   Decrease Java thread stack sizes (-Xss)
#   Set larger code cache with -XX:ReservedCodeCacheSize=
#   JVM is running with Zero Based Compressed Oops mode in which the Java heap is
#     placed in the first 32GB address space. The Java Heap base address is the
#     maximum limit for the native heap growth. Please use -XX:HeapBaseMinAddress
#     to set the Java Heap base and to place the Java Heap above 32GB virtual address.
# This output file may be truncated or incomplete.
#
#  Out of Memory Error (arena.cpp:184), pid=15648, tid=4448
#
# JRE version: OpenJDK Runtime Environment (20.0.2+9) (build 20.0.2+9-78)
# Java VM: OpenJDK 64-Bit Server VM (20.0.2+9-78, mixed mode, sharing, tiered, compressed oops, compressed class ptrs, g1 gc, windows-amd64)
# No core dump will be written. Minidumps are not enabled by default on client versions of Windows
#

---------------  S U M M A R Y ------------

Command Line: -javaagent:C:\Program Files\JetBrains\IntelliJ IDEA Community Edition 2024.1.4\lib\idea_rt.jar=51386:C:\Program Files\JetBrains\IntelliJ IDEA Community Edition 2024.1.4\bin -Dfile.encoding=UTF-8 -Dsun.stdout.encoding=UTF-8 -Dsun.stderr.encoding=UTF-8 com.store.StoreApplication

Host: Intel(R) Core(TM) i7-8565U CPU @ 1.80GHz, 8 cores, 15G,  Windows 10 , 64 bit Build 19041 (10.0.19041.3636)
Time: Sat Jul  6 20:53:31 2024 E. Europe Daylight Time elapsed time: 3.746931 seconds (0d 0h 0m 3s)

---------------  T H R E A D  ---------------

Current thread (0x0000018e47e91090):  JavaThread "C2 CompilerThread1" daemon [_thread_in_native, id=4448, stack(0x0000002ac9c00000,0x0000002ac9d00000)]


Current CompileTask:
C2:   3747 2181       4       java.lang.invoke.MethodType::methodType (69 bytes)

Stack: [0x0000002ac9c00000,0x0000002ac9d00000]
Native frames: (J=compiled Java code, j=interpreted, Vv=VM code, C=native code)
V  [jvm.dll+0x6bc25a]
V  [jvm.dll+0x84971a]
V  [jvm.dll+0x84b315]
V  [jvm.dll+0x84ba13]
V  [jvm.dll+0x280e4f]
V  [jvm.dll+0xc2ab1]
V  [jvm.dll+0xc2dd5]
V  [jvm.dll+0xc2bd4]
V  [jvm.dll+0x8321cc]
V  [jvm.dll+0x5d2b04]
V  [jvm.dll+0x5d2239]
V  [jvm.dll+0x5d1960]
V  [jvm.dll+0x5d1974]
V  [jvm.dll+0x5d1974]
V  [jvm.dll+0x5d1974]
V  [jvm.dll+0x5d1974]
V  [jvm.dll+0x5d1974]
V  [jvm.dll+0x5d1974]
V  [jvm.dll+0x5d1974]
V  [jvm.dll+0x5d1974]
V  [jvm.dll+0x5d1974]
V  [jvm.dll+0x5d1974]
V  [jvm.dll+0x5d1974]
V  [jvm.dll+0x5d1974]
V  [jvm.dll+0x5d1974]
V  [jvm.dll+0x5d1974]
V  [jvm.dll+0x5d1974]
V  [jvm.dll+0x5d1974]
V  [jvm.dll+0x5e4258]
V  [jvm.dll+0x254684]
V  [jvm.dll+0x24cf0a]
V  [jvm.dll+0x24a819]
V  [jvm.dll+0x1ce761]
V  [jvm.dll+0x25a0eb]
V  [jvm.dll+0x2587c0]
V  [jvm.dll+0x3f2dd5]
V  [jvm.dll+0x7f5c76]
V  [jvm.dll+0x6baecb]
C  [ucrtbase.dll+0x21bb2]
C  [KERNEL32.DLL+0x17344]
C  [ntdll.dll+0x4cc91]


---------------  P R O C E S S  ---------------

Threads class SMR info:
_java_thread_list=0x0000018e47d391b0, length=14, elements={
0x0000018e7f46dd60, 0x0000018e7f46ed00, 0x0000018e7f473d40, 0x0000018e7f474880,
0x0000018e7f4787a0, 0x0000018e7f47a890, 0x0000018e7f47be40, 0x0000018e7f489810,
0x0000018e7f68fcd0, 0x0000018e7f9ae420, 0x0000018e7f9ae970, 0x0000018e47e91090,
0x0000018e47fa2a00, 0x0000018e48896b20
}

Java Threads: ( => current thread )
  0x0000018e7f46dd60 JavaThread "Reference Handler" daemon [_thread_blocked, id=10964, stack(0x0000002ac8500000,0x0000002ac8600000)]
  0x0000018e7f46ed00 JavaThread "Finalizer" daemon [_thread_blocked, id=16196, stack(0x0000002ac8600000,0x0000002ac8700000)]
  0x0000018e7f473d40 JavaThread "Signal Dispatcher" daemon [_thread_blocked, id=10040, stack(0x0000002ac8700000,0x0000002ac8800000)]
  0x0000018e7f474880 JavaThread "Attach Listener" daemon [_thread_blocked, id=18980, stack(0x0000002ac8800000,0x0000002ac8900000)]
  0x0000018e7f4787a0 JavaThread "Service Thread" daemon [_thread_blocked, id=4440, stack(0x0000002ac8900000,0x0000002ac8a00000)]
  0x0000018e7f47a890 JavaThread "Monitor Deflation Thread" daemon [_thread_blocked, id=17388, stack(0x0000002ac8a00000,0x0000002ac8b00000)]
  0x0000018e7f47be40 JavaThread "C2 CompilerThread0" daemon [_thread_in_native, id=18352, stack(0x0000002ac8b00000,0x0000002ac8c00000)]
  0x0000018e7f489810 JavaThread "C1 CompilerThread0" daemon [_thread_blocked, id=10052, stack(0x0000002ac8c00000,0x0000002ac8d00000)]
  0x0000018e7f68fcd0 JavaThread "Common-Cleaner" daemon [_thread_blocked, id=17308, stack(0x0000002ac8d00000,0x0000002ac8e00000)]
  0x0000018e7f9ae420 JavaThread "Monitor Ctrl-Break" daemon [_thread_in_native, id=19124, stack(0x0000002ac8f00000,0x0000002ac9000000)]
  0x0000018e7f9ae970 JavaThread "Notification Thread" daemon [_thread_blocked, id=8364, stack(0x0000002ac9000000,0x0000002ac9100000)]
=>0x0000018e47e91090 JavaThread "C2 CompilerThread1" daemon [_thread_in_native, id=4448, stack(0x0000002ac9c00000,0x0000002ac9d00000)]
  0x0000018e47fa2a00 JavaThread "C2 CompilerThread2" daemon [_thread_blocked, id=10872, stack(0x0000002ac9a00000,0x0000002ac9b00000)]
  0x0000018e48896b20 JavaThread "DestroyJavaVM" [_thread_blocked, id=2740, stack(0x0000002ac7e00000,0x0000002ac7f00000)]

Other Threads:
  0x0000018e7f44d360 VMThread "VM Thread" [stack: 0x0000002ac8400000,0x0000002ac8500000] [id=19128]
  0x0000018e4706d110 WatcherThread "VM Periodic Task Thread" [stack: 0x0000002ac9100000,0x0000002ac9200000] [id=14184]
  0x0000018e61f87280 WorkerThread "GC Thread#0" [stack: 0x0000002ac7f00000,0x0000002ac8000000] [id=12364]
  0x0000018e7f44bce0 WorkerThread "GC Thread#1" [stack: 0x0000002ac9200000,0x0000002ac9300000] [id=8644]
  0x0000018e7f44cdc0 WorkerThread "GC Thread#2" [stack: 0x0000002ac9300000,0x0000002ac9400000] [id=5416]
  0x0000018e7f44bfb0 WorkerThread "GC Thread#3" [stack: 0x0000002ac9400000,0x0000002ac9500000] [id=17572]
  0x0000018e7f44c280 WorkerThread "GC Thread#4" [stack: 0x0000002ac9500000,0x0000002ac9600000] [id=10156]
  0x0000018e7f44c550 WorkerThread "GC Thread#5" [stack: 0x0000002ac9600000,0x0000002ac9700000] [id=17756]
  0x0000018e7f44caf0 WorkerThread "GC Thread#6" [stack: 0x0000002ac9700000,0x0000002ac9800000] [id=4212]
  0x0000018e4795dc40 WorkerThread "GC Thread#7" [stack: 0x0000002ac9800000,0x0000002ac9900000] [id=15844]
  0x0000018e61f99660 ConcurrentGCThread "G1 Main Marker" [stack: 0x0000002ac8000000,0x0000002ac8100000] [id=2456]
  0x0000018e61f9a830 WorkerThread "G1 Conc#0" [stack: 0x0000002ac8100000,0x0000002ac8200000] [id=3096]
  0x0000018e61fcea90 ConcurrentGCThread "G1 Refine#0" [stack: 0x0000002ac8200000,0x0000002ac8300000] [id=16456]
  0x0000018e7f30e7e0 ConcurrentGCThread "G1 Service" [stack: 0x0000002ac8300000,0x0000002ac8400000] [id=18888]

Threads with active compile tasks:
C2 CompilerThread0     5369 2095   !   4       java.net.URL::<init> (543 bytes)
C2 CompilerThread1     5369 2181       4       java.lang.invoke.MethodType::methodType (69 bytes)

VM state: not at safepoint (normal execution)

VM Mutex/Monitor currently owned by a thread: None

Heap address: 0x0000000702e00000, size: 4050 MB, Compressed Oops mode: Zero based, Oop shift amount: 3

CDS archive(s) mapped at: [0x0000018e02000000-0x0000018e02c60000-0x0000018e02c60000), size 12976128, SharedBaseAddress: 0x0000018e02000000, ArchiveRelocationMode: 1.
Compressed class space mapped at: 0x0000018e03000000-0x0000018e43000000, reserved size: 1073741824
Narrow klass base: 0x0000018e02000000, Narrow klass shift: 0, Narrow klass range: 0x100000000

GC Precious Log:
 CardTable entry size: 512
 Card Set container configuration: InlinePtr #cards 4 size 8 Array Of Cards #cards 16 size 48 Howl #buckets 8 coarsen threshold 3686 Howl Bitmap #cards 512 size 80 coarsen threshold 460 Card regions per heap region 1 cards per card region 4096
 CPUs: 8 total, 8 available
 Memory: 16198M
 Large Page Support: Disabled
 NUMA Support: Disabled
 Compressed Oops: Enabled (Zero based)
 Heap Region Size: 2M
 Heap Min Capacity: 8M
 Heap Initial Capacity: 254M
 Heap Max Capacity: 4050M
 Pre-touch: Disabled
 Parallel Workers: 8
 Concurrent Workers: 2
 Concurrent Refinement Workers: 8
 Periodic GC: Disabled

Heap:
 garbage-first heap   total 260096K, used 40245K [0x0000000702e00000, 0x0000000800000000)
  region size 2048K, 18 young (36864K), 1 survivors (2048K)
 Metaspace       used 20564K, committed 20928K, reserved 1114112K
  class space    used 2657K, committed 2816K, reserved 1048576K

Heap Regions: E=young(eden), S=young(survivor), O=old, HS=humongous(starts), HC=humongous(continues), CS=collection set, F=free, OA=open archive, CA=closed archive, TAMS=top-at-mark-start, PB=parsable bottom
|   0|0x0000000702e00000, 0x0000000703000000, 0x0000000703000000|100%| O|  |TAMS 0x0000000702e00000| PB 0x0000000702e00000| Untracked 
|   1|0x0000000703000000, 0x0000000703200000, 0x0000000703200000|100%| O|  |TAMS 0x0000000703000000| PB 0x0000000703000000| Untracked 
|   2|0x0000000703200000, 0x0000000703400000, 0x0000000703400000|100%| O|  |TAMS 0x0000000703200000| PB 0x0000000703200000| Untracked 
|   3|0x0000000703400000, 0x000000070354d800, 0x0000000703600000| 65%| O|  |TAMS 0x0000000703400000| PB 0x0000000703400000| Untracked 
|   4|0x0000000703600000, 0x0000000703600000, 0x0000000703800000|  0%| F|  |TAMS 0x0000000703600000| PB 0x0000000703600000| Untracked 
|   5|0x0000000703800000, 0x0000000703800000, 0x0000000703a00000|  0%| F|  |TAMS 0x0000000703800000| PB 0x0000000703800000| Untracked 
|   6|0x0000000703a00000, 0x0000000703a00000, 0x0000000703c00000|  0%| F|  |TAMS 0x0000000703a00000| PB 0x0000000703a00000| Untracked 
|   7|0x0000000703c00000, 0x0000000703c00000, 0x0000000703e00000|  0%| F|  |TAMS 0x0000000703c00000| PB 0x0000000703c00000| Untracked 
|   8|0x0000000703e00000, 0x0000000703e00000, 0x0000000704000000|  0%| F|  |TAMS 0x0000000703e00000| PB 0x0000000703e00000| Untracked 
|   9|0x0000000704000000, 0x0000000704000000, 0x0000000704200000|  0%| F|  |TAMS 0x0000000704000000| PB 0x0000000704000000| Untracked 
|  10|0x0000000704200000, 0x0000000704200000, 0x0000000704400000|  0%| F|  |TAMS 0x0000000704200000| PB 0x0000000704200000| Untracked 
|  11|0x0000000704400000, 0x0000000704400000, 0x0000000704600000|  0%| F|  |TAMS 0x0000000704400000| PB 0x0000000704400000| Untracked 
|  12|0x0000000704600000, 0x0000000704600000, 0x0000000704800000|  0%| F|  |TAMS 0x0000000704600000| PB 0x0000000704600000| Untracked 
|  13|0x0000000704800000, 0x0000000704800000, 0x0000000704a00000|  0%| F|  |TAMS 0x0000000704800000| PB 0x0000000704800000| Untracked 
|  14|0x0000000704a00000, 0x0000000704a00000, 0x0000000704c00000|  0%| F|  |TAMS 0x0000000704a00000| PB 0x0000000704a00000| Untracked 
|  15|0x0000000704c00000, 0x0000000704c00000, 0x0000000704e00000|  0%| F|  |TAMS 0x0000000704c00000| PB 0x0000000704c00000| Untracked 
|  16|0x0000000704e00000, 0x0000000704e00000, 0x0000000705000000|  0%| F|  |TAMS 0x0000000704e00000| PB 0x0000000704e00000| Untracked 
|  17|0x0000000705000000, 0x0000000705000000, 0x0000000705200000|  0%| F|  |TAMS 0x0000000705000000| PB 0x0000000705000000| Untracked 
|  18|0x0000000705200000, 0x0000000705200000, 0x0000000705400000|  0%| F|  |TAMS 0x0000000705200000| PB 0x0000000705200000| Untracked 
|  19|0x0000000705400000, 0x0000000705400000, 0x0000000705600000|  0%| F|  |TAMS 0x0000000705400000| PB 0x0000000705400000| Untracked 
|  20|0x0000000705600000, 0x0000000705600000, 0x0000000705800000|  0%| F|  |TAMS 0x0000000705600000| PB 0x0000000705600000| Untracked 
|  21|0x0000000705800000, 0x0000000705800000, 0x0000000705a00000|  0%| F|  |TAMS 0x0000000705800000| PB 0x0000000705800000| Untracked 
|  22|0x0000000705a00000, 0x0000000705a00000, 0x0000000705c00000|  0%| F|  |TAMS 0x0000000705a00000| PB 0x0000000705a00000| Untracked 
|  23|0x0000000705c00000, 0x0000000705c00000, 0x0000000705e00000|  0%| F|  |TAMS 0x0000000705c00000| PB 0x0000000705c00000| Untracked 
|  24|0x0000000705e00000, 0x0000000705e00000, 0x0000000706000000|  0%| F|  |TAMS 0x0000000705e00000| PB 0x0000000705e00000| Untracked 
|  25|0x0000000706000000, 0x0000000706000000, 0x0000000706200000|  0%| F|  |TAMS 0x0000000706000000| PB 0x0000000706000000| Untracked 
|  26|0x0000000706200000, 0x0000000706200000, 0x0000000706400000|  0%| F|  |TAMS 0x0000000706200000| PB 0x0000000706200000| Untracked 
|  27|0x0000000706400000, 0x0000000706400000, 0x0000000706600000|  0%| F|  |TAMS 0x0000000706400000| PB 0x0000000706400000| Untracked 
|  28|0x0000000706600000, 0x0000000706600000, 0x0000000706800000|  0%| F|  |TAMS 0x0000000706600000| PB 0x0000000706600000| Untracked 
|  29|0x0000000706800000, 0x0000000706800000, 0x0000000706a00000|  0%| F|  |TAMS 0x0000000706800000| PB 0x0000000706800000| Untracked 
|  30|0x0000000706a00000, 0x0000000706a00000, 0x0000000706c00000|  0%| F|  |TAMS 0x0000000706a00000| PB 0x0000000706a00000| Untracked 
|  31|0x0000000706c00000, 0x0000000706c00000, 0x0000000706e00000|  0%| F|  |TAMS 0x0000000706c00000| PB 0x0000000706c00000| Untracked 
|  32|0x0000000706e00000, 0x0000000706e00000, 0x0000000707000000|  0%| F|  |TAMS 0x0000000706e00000| PB 0x0000000706e00000| Untracked 
|  33|0x0000000707000000, 0x0000000707000000, 0x0000000707200000|  0%| F|  |TAMS 0x0000000707000000| PB 0x0000000707000000| Untracked 
|  34|0x0000000707200000, 0x0000000707200000, 0x0000000707400000|  0%| F|  |TAMS 0x0000000707200000| PB 0x0000000707200000| Untracked 
|  35|0x0000000707400000, 0x0000000707400000, 0x0000000707600000|  0%| F|  |TAMS 0x0000000707400000| PB 0x0000000707400000| Untracked 
|  36|0x0000000707600000, 0x0000000707600000, 0x0000000707800000|  0%| F|  |TAMS 0x0000000707600000| PB 0x0000000707600000| Untracked 
|  37|0x0000000707800000, 0x0000000707800000, 0x0000000707a00000|  0%| F|  |TAMS 0x0000000707800000| PB 0x0000000707800000| Untracked 
|  38|0x0000000707a00000, 0x0000000707a00000, 0x0000000707c00000|  0%| F|  |TAMS 0x0000000707a00000| PB 0x0000000707a00000| Untracked 
|  39|0x0000000707c00000, 0x0000000707c00000, 0x0000000707e00000|  0%| F|  |TAMS 0x0000000707c00000| PB 0x0000000707c00000| Untracked 
|  40|0x0000000707e00000, 0x0000000707e00000, 0x0000000708000000|  0%| F|  |TAMS 0x0000000707e00000| PB 0x0000000707e00000| Untracked 
|  41|0x0000000708000000, 0x0000000708000000, 0x0000000708200000|  0%| F|  |TAMS 0x0000000708000000| PB 0x0000000708000000| Untracked 
|  42|0x0000000708200000, 0x0000000708200000, 0x0000000708400000|  0%| F|  |TAMS 0x0000000708200000| PB 0x0000000708200000| Untracked 
|  43|0x0000000708400000, 0x0000000708400000, 0x0000000708600000|  0%| F|  |TAMS 0x0000000708400000| PB 0x0000000708400000| Untracked 
|  44|0x0000000708600000, 0x0000000708600000, 0x0000000708800000|  0%| F|  |TAMS 0x0000000708600000| PB 0x0000000708600000| Untracked 
|  45|0x0000000708800000, 0x0000000708800000, 0x0000000708a00000|  0%| F|  |TAMS 0x0000000708800000| PB 0x0000000708800000| Untracked 
|  46|0x0000000708a00000, 0x0000000708a00000, 0x0000000708c00000|  0%| F|  |TAMS 0x0000000708a00000| PB 0x0000000708a00000| Untracked 
|  47|0x0000000708c00000, 0x0000000708c00000, 0x0000000708e00000|  0%| F|  |TAMS 0x0000000708c00000| PB 0x0000000708c00000| Untracked 
|  48|0x0000000708e00000, 0x0000000708e00000, 0x0000000709000000|  0%| F|  |TAMS 0x0000000708e00000| PB 0x0000000708e00000| Untracked 
|  49|0x0000000709000000, 0x0000000709000000, 0x0000000709200000|  0%| F|  |TAMS 0x0000000709000000| PB 0x0000000709000000| Untracked 
|  50|0x0000000709200000, 0x0000000709200000, 0x0000000709400000|  0%| F|  |TAMS 0x0000000709200000| PB 0x0000000709200000| Untracked 
|  51|0x0000000709400000, 0x0000000709400000, 0x0000000709600000|  0%| F|  |TAMS 0x0000000709400000| PB 0x0000000709400000| Untracked 
|  52|0x0000000709600000, 0x0000000709600000, 0x0000000709800000|  0%| F|  |TAMS 0x0000000709600000| PB 0x0000000709600000| Untracked 
|  53|0x0000000709800000, 0x0000000709800000, 0x0000000709a00000|  0%| F|  |TAMS 0x0000000709800000| PB 0x0000000709800000| Untracked 
|  54|0x0000000709a00000, 0x0000000709a00000, 0x0000000709c00000|  0%| F|  |TAMS 0x0000000709a00000| PB 0x0000000709a00000| Untracked 
|  55|0x0000000709c00000, 0x0000000709c00000, 0x0000000709e00000|  0%| F|  |TAMS 0x0000000709c00000| PB 0x0000000709c00000| Untracked 
|  56|0x0000000709e00000, 0x0000000709e00000, 0x000000070a000000|  0%| F|  |TAMS 0x0000000709e00000| PB 0x0000000709e00000| Untracked 
|  57|0x000000070a000000, 0x000000070a000000, 0x000000070a200000|  0%| F|  |TAMS 0x000000070a000000| PB 0x000000070a000000| Untracked 
|  58|0x000000070a200000, 0x000000070a200000, 0x000000070a400000|  0%| F|  |TAMS 0x000000070a200000| PB 0x000000070a200000| Untracked 
|  59|0x000000070a400000, 0x000000070a400000, 0x000000070a600000|  0%| F|  |TAMS 0x000000070a400000| PB 0x000000070a400000| Untracked 
|  60|0x000000070a600000, 0x000000070a600000, 0x000000070a800000|  0%| F|  |TAMS 0x000000070a600000| PB 0x000000070a600000| Untracked 
|  61|0x000000070a800000, 0x000000070a800000, 0x000000070aa00000|  0%| F|  |TAMS 0x000000070a800000| PB 0x000000070a800000| Untracked 
|  62|0x000000070aa00000, 0x000000070aa00000, 0x000000070ac00000|  0%| F|  |TAMS 0x000000070aa00000| PB 0x000000070aa00000| Untracked 
|  63|0x000000070ac00000, 0x000000070ac00000, 0x000000070ae00000|  0%| F|  |TAMS 0x000000070ac00000| PB 0x000000070ac00000| Untracked 
|  64|0x000000070ae00000, 0x000000070ae00000, 0x000000070b000000|  0%| F|  |TAMS 0x000000070ae00000| PB 0x000000070ae00000| Untracked 
|  65|0x000000070b000000, 0x000000070b000000, 0x000000070b200000|  0%| F|  |TAMS 0x000000070b000000| PB 0x000000070b000000| Untracked 
|  66|0x000000070b200000, 0x000000070b200000, 0x000000070b400000|  0%| F|  |TAMS 0x000000070b200000| PB 0x000000070b200000| Untracked 
|  67|0x000000070b400000, 0x000000070b400000, 0x000000070b600000|  0%| F|  |TAMS 0x000000070b400000| PB 0x000000070b400000| Untracked 
|  68|0x000000070b600000, 0x000000070b600000, 0x000000070b800000|  0%| F|  |TAMS 0x000000070b600000| PB 0x000000070b600000| Untracked 
|  69|0x000000070b800000, 0x000000070b800000, 0x000000070ba00000|  0%| F|  |TAMS 0x000000070b800000| PB 0x000000070b800000| Untracked 
|  70|0x000000070ba00000, 0x000000070ba00000, 0x000000070bc00000|  0%| F|  |TAMS 0x000000070ba00000| PB 0x000000070ba00000| Untracked 
|  71|0x000000070bc00000, 0x000000070bc00000, 0x000000070be00000|  0%| F|  |TAMS 0x000000070bc00000| PB 0x000000070bc00000| Untracked 
|  72|0x000000070be00000, 0x000000070be00000, 0x000000070c000000|  0%| F|  |TAMS 0x000000070be00000| PB 0x000000070be00000| Untracked 
|  73|0x000000070c000000, 0x000000070c000000, 0x000000070c200000|  0%| F|  |TAMS 0x000000070c000000| PB 0x000000070c000000| Untracked 
|  74|0x000000070c200000, 0x000000070c200000, 0x000000070c400000|  0%| F|  |TAMS 0x000000070c200000| PB 0x000000070c200000| Untracked 
|  75|0x000000070c400000, 0x000000070c400000, 0x000000070c600000|  0%| F|  |TAMS 0x000000070c400000| PB 0x000000070c400000| Untracked 
|  76|0x000000070c600000, 0x000000070c600000, 0x000000070c800000|  0%| F|  |TAMS 0x000000070c600000| PB 0x000000070c600000| Untracked 
|  77|0x000000070c800000, 0x000000070c800000, 0x000000070ca00000|  0%| F|  |TAMS 0x000000070c800000| PB 0x000000070c800000| Untracked 
|  78|0x000000070ca00000, 0x000000070ca00000, 0x000000070cc00000|  0%| F|  |TAMS 0x000000070ca00000| PB 0x000000070ca00000| Untracked 
|  79|0x000000070cc00000, 0x000000070cc00000, 0x000000070ce00000|  0%| F|  |TAMS 0x000000070cc00000| PB 0x000000070cc00000| Untracked 
|  80|0x000000070ce00000, 0x000000070ce00000, 0x000000070d000000|  0%| F|  |TAMS 0x000000070ce00000| PB 0x000000070ce00000| Untracked 
|  81|0x000000070d000000, 0x000000070d000000, 0x000000070d200000|  0%| F|  |TAMS 0x000000070d000000| PB 0x000000070d000000| Untracked 
|  82|0x000000070d200000, 0x000000070d200000, 0x000000070d400000|  0%| F|  |TAMS 0x000000070d200000| PB 0x000000070d200000| Untracked 
|  83|0x000000070d400000, 0x000000070d400000, 0x000000070d600000|  0%| F|  |TAMS 0x000000070d400000| PB 0x000000070d400000| Untracked 
|  84|0x000000070d600000, 0x000000070d600000, 0x000000070d800000|  0%| F|  |TAMS 0x000000070d600000| PB 0x000000070d600000| Untracked 
|  85|0x000000070d800000, 0x000000070d800000, 0x000000070da00000|  0%| F|  |TAMS 0x000000070d800000| PB 0x000000070d800000| Untracked 
|  86|0x000000070da00000, 0x000000070da00000, 0x000000070dc00000|  0%| F|  |TAMS 0x000000070da00000| PB 0x000000070da00000| Untracked 
|  87|0x000000070dc00000, 0x000000070dc00000, 0x000000070de00000|  0%| F|  |TAMS 0x000000070dc00000| PB 0x000000070dc00000| Untracked 
|  88|0x000000070de00000, 0x000000070de00000, 0x000000070e000000|  0%| F|  |TAMS 0x000000070de00000| PB 0x000000070de00000| Untracked 
|  89|0x000000070e000000, 0x000000070e000000, 0x000000070e200000|  0%| F|  |TAMS 0x000000070e000000| PB 0x000000070e000000| Untracked 
|  90|0x000000070e200000, 0x000000070e200000, 0x000000070e400000|  0%| F|  |TAMS 0x000000070e200000| PB 0x000000070e200000| Untracked 
|  91|0x000000070e400000, 0x000000070e400000, 0x000000070e600000|  0%| F|  |TAMS 0x000000070e400000| PB 0x000000070e400000| Untracked 
|  92|0x000000070e600000, 0x000000070e600000, 0x000000070e800000|  0%| F|  |TAMS 0x000000070e600000| PB 0x000000070e600000| Untracked 
|  93|0x000000070e800000, 0x000000070e800000, 0x000000070ea00000|  0%| F|  |TAMS 0x000000070e800000| PB 0x000000070e800000| Untracked 
|  94|0x000000070ea00000, 0x000000070ea00000, 0x000000070ec00000|  0%| F|  |TAMS 0x000000070ea00000| PB 0x000000070ea00000| Untracked 
|  95|0x000000070ec00000, 0x000000070ec00000, 0x000000070ee00000|  0%| F|  |TAMS 0x000000070ec00000| PB 0x000000070ec00000| Untracked 
|  96|0x000000070ee00000, 0x000000070ee00000, 0x000000070f000000|  0%| F|  |TAMS 0x000000070ee00000| PB 0x000000070ee00000| Untracked 
|  97|0x000000070f000000, 0x000000070f000000, 0x000000070f200000|  0%| F|  |TAMS 0x000000070f000000| PB 0x000000070f000000| Untracked 
|  98|0x000000070f200000, 0x000000070f200000, 0x000000070f400000|  0%| F|  |TAMS 0x000000070f200000| PB 0x000000070f200000| Untracked 
|  99|0x000000070f400000, 0x000000070f400000, 0x000000070f600000|  0%| F|  |TAMS 0x000000070f400000| PB 0x000000070f400000| Untracked 
| 100|0x000000070f600000, 0x000000070f600000, 0x000000070f800000|  0%| F|  |TAMS 0x000000070f600000| PB 0x000000070f600000| Untracked 
| 101|0x000000070f800000, 0x000000070f800000, 0x000000070fa00000|  0%| F|  |TAMS 0x000000070f800000| PB 0x000000070f800000| Untracked 
| 102|0x000000070fa00000, 0x000000070fa00000, 0x000000070fc00000|  0%| F|  |TAMS 0x000000070fa00000| PB 0x000000070fa00000| Untracked 
| 103|0x000000070fc00000, 0x000000070fc00000, 0x000000070fe00000|  0%| F|  |TAMS 0x000000070fc00000| PB 0x000000070fc00000| Untracked 
| 104|0x000000070fe00000, 0x000000070fe00000, 0x0000000710000000|  0%| F|  |TAMS 0x000000070fe00000| PB 0x000000070fe00000| Untracked 
| 105|0x0000000710000000, 0x0000000710000000, 0x0000000710200000|  0%| F|  |TAMS 0x0000000710000000| PB 0x0000000710000000| Untracked 
| 106|0x0000000710200000, 0x0000000710200000, 0x0000000710400000|  0%| F|  |TAMS 0x0000000710200000| PB 0x0000000710200000| Untracked 
| 107|0x0000000710400000, 0x0000000710400000, 0x0000000710600000|  0%| F|  |TAMS 0x0000000710400000| PB 0x0000000710400000| Untracked 
| 108|0x0000000710600000, 0x0000000710600000, 0x0000000710800000|  0%| F|  |TAMS 0x0000000710600000| PB 0x0000000710600000| Untracked 
| 109|0x0000000710800000, 0x00000007109be8d0, 0x0000000710a00000| 87%| E|  |TAMS 0x0000000710800000| PB 0x0000000710800000| Complete 
| 110|0x0000000710a00000, 0x0000000710c00000, 0x0000000710c00000|100%| E|CS|TAMS 0x0000000710a00000| PB 0x0000000710a00000| Complete 
| 111|0x0000000710c00000, 0x0000000710e00000, 0x0000000710e00000|100%| E|CS|TAMS 0x0000000710c00000| PB 0x0000000710c00000| Complete 
| 112|0x0000000710e00000, 0x0000000711000000, 0x0000000711000000|100%| E|  |TAMS 0x0000000710e00000| PB 0x0000000710e00000| Complete 
| 113|0x0000000711000000, 0x00000007111fffb8, 0x0000000711200000| 99%| S|CS|TAMS 0x0000000711000000| PB 0x0000000711000000| Complete 
| 114|0x0000000711200000, 0x0000000711400000, 0x0000000711400000|100%| E|CS|TAMS 0x0000000711200000| PB 0x0000000711200000| Complete 
| 115|0x0000000711400000, 0x0000000711600000, 0x0000000711600000|100%| E|CS|TAMS 0x0000000711400000| PB 0x0000000711400000| Complete 
| 116|0x0000000711600000, 0x0000000711800000, 0x0000000711800000|100%| E|CS|TAMS 0x0000000711600000| PB 0x0000000711600000| Complete 
| 117|0x0000000711800000, 0x0000000711a00000, 0x0000000711a00000|100%| E|CS|TAMS 0x0000000711800000| PB 0x0000000711800000| Complete 
| 118|0x0000000711a00000, 0x0000000711c00000, 0x0000000711c00000|100%| E|CS|TAMS 0x0000000711a00000| PB 0x0000000711a00000| Complete 
| 119|0x0000000711c00000, 0x0000000711e00000, 0x0000000711e00000|100%| E|CS|TAMS 0x0000000711c00000| PB 0x0000000711c00000| Complete 
| 120|0x0000000711e00000, 0x0000000712000000, 0x0000000712000000|100%| E|CS|TAMS 0x0000000711e00000| PB 0x0000000711e00000| Complete 
| 121|0x0000000712000000, 0x0000000712200000, 0x0000000712200000|100%| E|CS|TAMS 0x0000000712000000| PB 0x0000000712000000| Complete 
| 122|0x0000000712200000, 0x0000000712400000, 0x0000000712400000|100%| E|CS|TAMS 0x0000000712200000| PB 0x0000000712200000| Complete 
| 123|0x0000000712400000, 0x0000000712600000, 0x0000000712600000|100%| E|CS|TAMS 0x0000000712400000| PB 0x0000000712400000| Complete 
| 124|0x0000000712600000, 0x0000000712800000, 0x0000000712800000|100%| E|CS|TAMS 0x0000000712600000| PB 0x0000000712600000| Complete 
| 125|0x0000000712800000, 0x0000000712a00000, 0x0000000712a00000|100%| E|CS|TAMS 0x0000000712800000| PB 0x0000000712800000| Complete 
| 126|0x0000000712a00000, 0x0000000712c00000, 0x0000000712c00000|100%| E|CS|TAMS 0x0000000712a00000| PB 0x0000000712a00000| Complete 

Card table byte_map: [0x0000018e79af0000,0x0000018e7a2e0000] _byte_map_base: 0x0000018e762d9000

Marking Bits: (CMBitMap*) 0x0000018e61f888c0
 Bits: [0x0000018e7aad0000, 0x0000018e7ea18000)

Polling page: 0x0000018e5fe30000

Metaspace:

Usage:
  Non-class:     17.49 MB used.
      Class:      2.59 MB used.
       Both:     20.08 MB used.

Virtual space:
  Non-class space:       64.00 MB reserved,      17.69 MB ( 28%) committed,  1 nodes.
      Class space:        1.00 GB reserved,       2.75 MB ( <1%) committed,  1 nodes.
             Both:        1.06 GB reserved,      20.44 MB (  2%) committed. 

Chunk freelists:
   Non-Class:  2.04 MB
       Class:  1.16 MB
        Both:  3.20 MB

MaxMetaspaceSize: unlimited
CompressedClassSpaceSize: 1.00 GB
Initial GC threshold: 21.00 MB
Current GC threshold: 21.00 MB
CDS: on
MetaspaceReclaimPolicy: balanced
 - commit_granule_bytes: 65536.
 - commit_granule_words: 8192.
 - virtual_space_node_default_size: 8388608.
 - enlarge_chunks_in_place: 1.
 - new_chunks_are_fully_committed: 0.
 - uncommit_free_chunks: 1.
 - use_allocation_guard: 0.


Internal statistics:

num_allocs_failed_limit: 0.
num_arena_births: 326.
num_arena_deaths: 0.
num_vsnodes_births: 2.
num_vsnodes_deaths: 0.
num_space_committed: 327.
num_space_uncommitted: 0.
num_chunks_returned_to_freelist: 0.
num_chunks_taken_from_freelist: 981.
num_chunk_merges: 0.
num_chunk_splits: 668.
num_chunks_enlarged: 487.
num_inconsistent_stats: 0.

CodeHeap 'non-profiled nmethods': size=120000Kb used=802Kb max_used=802Kb free=119197Kb
 bounds [0x0000018e71aa0000, 0x0000018e71d10000, 0x0000018e78fd0000]
CodeHeap 'profiled nmethods': size=120000Kb used=4354Kb max_used=4354Kb free=115645Kb
 bounds [0x0000018e69fd0000, 0x0000018e6a420000, 0x0000018e71500000]
CodeHeap 'non-nmethods': size=5760Kb used=1506Kb max_used=1528Kb free=4253Kb
 bounds [0x0000018e71500000, 0x0000018e71770000, 0x0000018e71aa0000]
 total_blobs=2822 nmethods=2294 adapters=438
 compilation: enabled
              stopped_count=0, restarted_count=0
 full_count=0

Compilation events (20 events):
Event: 3.378 Thread 0x0000018e47e91090 nmethod 2173 0x0000018e71b5cd10 code [0x0000018e71b5cee0, 0x0000018e71b5d8a0]
Event: 3.379 Thread 0x0000018e47e91090 2177       4       java.io.WinNTFileSystem::normalize (143 bytes)
Event: 3.382 Thread 0x0000018e7f489810 2178       3       java.lang.AbstractStringBuilder::append (77 bytes)
Event: 3.383 Thread 0x0000018e7f489810 nmethod 2178 0x0000018e6a3cc390 code [0x0000018e6a3cc580, 0x0000018e6a3ccc78]
Event: 3.390 Thread 0x0000018e47e91090 nmethod 2177 0x0000018e71b5de10 code [0x0000018e71b5dfa0, 0x0000018e71b5e220]
Event: 3.390 Thread 0x0000018e47e91090 2175       4       java.util.jar.JarFile::maybeInstantiateVerifier (42 bytes)
Event: 3.394 Thread 0x0000018e47e91090 nmethod 2175 0x0000018e71b5e490 code [0x0000018e71b5e600, 0x0000018e71b5e700]
Event: 3.428 Thread 0x0000018e7f489810 2179       3       java.nio.Buffer::limit (65 bytes)
Event: 3.428 Thread 0x0000018e7f489810 nmethod 2179 0x0000018e6a3ccf10 code [0x0000018e6a3cd0c0, 0x0000018e6a3cd378]
Event: 3.447 Thread 0x0000018e7f489810 2180       3       java.lang.PublicMethods$MethodList::<init> (10 bytes)
Event: 3.448 Thread 0x0000018e7f489810 nmethod 2180 0x0000018e6a3cd490 code [0x0000018e6a3cd620, 0x0000018e6a3cd7e0]
Event: 3.448 Thread 0x0000018e47e91090 2181       4       java.lang.invoke.MethodType::methodType (69 bytes)
Event: 3.506 Thread 0x0000018e7f489810 2184       3       java.lang.Byte::toUnsignedInt (6 bytes)
Event: 3.506 Thread 0x0000018e7f489810 nmethod 2184 0x0000018e6a3cd890 code [0x0000018e6a3cda20, 0x0000018e6a3cdb18]
Event: 3.531 Thread 0x0000018e7f489810 2185       3       java.util.zip.ZipUtils::get32S (17 bytes)
Event: 3.531 Thread 0x0000018e7f489810 nmethod 2185 0x0000018e6a3cdb90 code [0x0000018e6a3cdd20, 0x0000018e6a3cdf88]
Event: 3.531 Thread 0x0000018e7f489810 2186       3       java.util.zip.ZipUtils::unixTimeToFileTime (8 bytes)
Event: 3.532 Thread 0x0000018e7f489810 nmethod 2186 0x0000018e6a3ce110 code [0x0000018e6a3ce2a0, 0x0000018e6a3ce3c0]
Event: 3.538 Thread 0x0000018e7f489810 2187       3       java.util.zip.ZipEntry::setExtra0 (493 bytes)
Event: 3.542 Thread 0x0000018e7f489810 nmethod 2187 0x0000018e6a3ce490 code [0x0000018e6a3ce800, 0x0000018e6a3d0440]

GC Heap History (4 events):
Event: 1.421 GC heap before
{Heap before GC invocations=0 (full 0):
 garbage-first heap   total 260096K, used 22528K [0x0000000702e00000, 0x0000000800000000)
  region size 2048K, 11 young (22528K), 0 survivors (0K)
 Metaspace       used 5146K, committed 5312K, reserved 1114112K
  class space    used 568K, committed 640K, reserved 1048576K
}
Event: 1.429 GC heap after
{Heap after GC invocations=1 (full 0):
 garbage-first heap   total 260096K, used 7366K [0x0000000702e00000, 0x0000000800000000)
  region size 2048K, 2 young (4096K), 2 survivors (4096K)
 Metaspace       used 5146K, committed 5312K, reserved 1114112K
  class space    used 568K, committed 640K, reserved 1048576K
}
Event: 2.517 GC heap before
{Heap before GC invocations=1 (full 0):
 garbage-first heap   total 260096K, used 29894K [0x0000000702e00000, 0x0000000800000000)
  region size 2048K, 13 young (26624K), 2 survivors (4096K)
 Metaspace       used 12238K, committed 12544K, reserved 1114112K
  class space    used 1555K, committed 1728K, reserved 1048576K
}
Event: 2.530 GC heap after
{Heap after GC invocations=2 (full 0):
 garbage-first heap   total 260096K, used 9525K [0x0000000702e00000, 0x0000000800000000)
  region size 2048K, 1 young (2048K), 1 survivors (2048K)
 Metaspace       used 12238K, committed 12544K, reserved 1114112K
  class space    used 1555K, committed 1728K, reserved 1048576K
}

Dll operation events (10 events):
Event: 0.021 Loaded shared library C:\Users\default.DESKTOP-IAVQS17\.jdks\openjdk-20.0.2\bin\java.dll
Event: 0.072 Loaded shared library C:\Users\default.DESKTOP-IAVQS17\.jdks\openjdk-20.0.2\bin\jsvml.dll
Event: 0.387 Loaded shared library C:\Users\default.DESKTOP-IAVQS17\.jdks\openjdk-20.0.2\bin\zip.dll
Event: 0.393 Loaded shared library C:\Users\default.DESKTOP-IAVQS17\.jdks\openjdk-20.0.2\bin\instrument.dll
Event: 0.405 Loaded shared library C:\Users\default.DESKTOP-IAVQS17\.jdks\openjdk-20.0.2\bin\net.dll
Event: 0.411 Loaded shared library C:\Users\default.DESKTOP-IAVQS17\.jdks\openjdk-20.0.2\bin\nio.dll
Event: 0.453 Loaded shared library C:\Users\default.DESKTOP-IAVQS17\.jdks\openjdk-20.0.2\bin\zip.dll
Event: 0.643 Loaded shared library C:\Program Files\JetBrains\IntelliJ IDEA Community Edition 2024.1.4\bin\breakgen64.dll
Event: 0.659 Loaded shared library C:\Users\default.DESKTOP-IAVQS17\.jdks\openjdk-20.0.2\bin\extnet.dll
Event: 0.740 Loaded shared library C:\Users\default.DESKTOP-IAVQS17\.jdks\openjdk-20.0.2\bin\jimage.dll

Deoptimization events (20 events):
Event: 3.220 Thread 0x0000018e47b73990 DEOPT PACKING pc=0x0000018e71aeeb94 sp=0x0000002ac8efd7e0
Event: 3.221 Thread 0x0000018e47b73990 DEOPT UNPACKING pc=0x0000018e71569d22 sp=0x0000002ac8efd7c0 mode 2
Event: 3.308 Thread 0x0000018e47b73990 Uncommon trap: trap_request=0xffffff45 fr.pc=0x0000018e71ab6010 relative=0x00000000000003f0
Event: 3.308 Thread 0x0000018e47b73990 Uncommon trap: reason=unstable_if action=reinterpret pc=0x0000018e71ab6010 method=java.lang.StringLatin1.canEncode(I)Z @ 4 c2
Event: 3.308 Thread 0x0000018e47b73990 DEOPT PACKING pc=0x0000018e71ab6010 sp=0x0000002ac8efddf0
Event: 3.308 Thread 0x0000018e47b73990 DEOPT UNPACKING pc=0x0000018e71569d22 sp=0x0000002ac8efdd18 mode 2
Event: 3.308 Thread 0x0000018e47b73990 Uncommon trap: trap_request=0xffffff45 fr.pc=0x0000018e71ab827c relative=0x00000000000003dc
Event: 3.308 Thread 0x0000018e47b73990 Uncommon trap: reason=unstable_if action=reinterpret pc=0x0000018e71ab827c method=java.lang.AbstractStringBuilder.isLatin1()Z @ 10 c2
Event: 3.308 Thread 0x0000018e47b73990 DEOPT PACKING pc=0x0000018e71ab827c sp=0x0000002ac8efde00
Event: 3.309 Thread 0x0000018e47b73990 DEOPT UNPACKING pc=0x0000018e71569d22 sp=0x0000002ac8efdd80 mode 2
Event: 3.309 Thread 0x0000018e47b73990 Uncommon trap: trap_request=0xffffff45 fr.pc=0x0000018e71ab526c relative=0x000000000000006c
Event: 3.309 Thread 0x0000018e47b73990 Uncommon trap: reason=unstable_if action=reinterpret pc=0x0000018e71ab526c method=java.lang.AbstractStringBuilder.isLatin1()Z @ 10 c2
Event: 3.309 Thread 0x0000018e47b73990 DEOPT PACKING pc=0x0000018e71ab526c sp=0x0000002ac8efddf0
Event: 3.309 Thread 0x0000018e47b73990 DEOPT UNPACKING pc=0x0000018e71569d22 sp=0x0000002ac8efdd80 mode 2
Event: 3.313 Thread 0x0000018e47b73990 Uncommon trap: trap_request=0xffffff45 fr.pc=0x0000018e71b01bd4 relative=0x0000000000000054
Event: 3.313 Thread 0x0000018e47b73990 Uncommon trap: reason=unstable_if action=reinterpret pc=0x0000018e71b01bd4 method=java.lang.CharacterData.of(I)Ljava/lang/CharacterData; @ 4 c2
Event: 3.313 Thread 0x0000018e47b73990 DEOPT PACKING pc=0x0000018e71b01bd4 sp=0x0000002ac8efd570
Event: 3.313 Thread 0x0000018e47b73990 DEOPT UNPACKING pc=0x0000018e71569d22 sp=0x0000002ac8efd508 mode 2
Event: 3.378 Thread 0x0000018e47b73990 DEOPT PACKING pc=0x0000018e6a3180e7 sp=0x0000002ac8efac10
Event: 3.378 Thread 0x0000018e47b73990 DEOPT UNPACKING pc=0x0000018e7156a4c2 sp=0x0000002ac8efa0e8 mode 0

Classes loaded (20 events):
Event: 3.187 Loading class java/io/InvalidObjectException
Event: 3.187 Loading class java/io/InvalidObjectException done
Event: 3.190 Loading class java/util/concurrent/ConcurrentLinkedQueue
Event: 3.191 Loading class java/util/concurrent/ConcurrentLinkedQueue done
Event: 3.191 Loading class java/util/concurrent/ConcurrentLinkedQueue$Node
Event: 3.191 Loading class java/util/concurrent/ConcurrentLinkedQueue$Node done
Event: 3.195 Loading class java/util/concurrent/atomic/AtomicLongArray
Event: 3.195 Loading class java/util/concurrent/atomic/AtomicLongArray done
Event: 3.196 Loading class java/lang/invoke/VarHandleLongs$Array
Event: 3.196 Loading class java/lang/invoke/VarHandleLongs$Array done
Event: 3.197 Loading class java/util/concurrent/atomic/AtomicReferenceArray
Event: 3.197 Loading class java/util/concurrent/atomic/AtomicReferenceArray done
Event: 3.198 Loading class java/lang/invoke/VarHandleReferences$Array
Event: 3.198 Loading class java/lang/invoke/VarHandleReferences$Array done
Event: 3.300 Loading class sun/text/resources/cldr/FormatData_en
Event: 3.301 Loading class sun/text/resources/cldr/FormatData_en done
Event: 3.302 Loading class sun/text/resources/cldr/FormatData_en_US
Event: 3.302 Loading class sun/text/resources/cldr/FormatData_en_US done
Event: 3.348 Loading class java/io/CharArrayReader
Event: 3.348 Loading class java/io/CharArrayReader done

Classes unloaded (0 events):
No events

Classes redefined (0 events):
No events

Internal exceptions (20 events):
Event: 1.913 Thread 0x0000018e61f19620 Exception <a 'java/lang/NoSuchMethodError'{0x00000007123acb60}: 'void java.lang.invoke.DirectMethodHandle$Holder.invokeInterface(java.lang.Object, java.lang.Object, java.lang.Object)'> (0x00000007123acb60) 
thrown [s\open\src\hotspot\share\interpreter\linkResolver.cpp, line 773]
Event: 1.947 Thread 0x0000018e61f19620 Exception <a 'java/lang/NoSuchMethodError'{0x0000000712030d48}: 'void java.lang.invoke.DirectMethodHandle$Holder.invokeStaticInit(java.lang.Object, java.lang.Object, java.lang.Object)'> (0x0000000712030d48) 
thrown [s\open\src\hotspot\share\interpreter\linkResolver.cpp, line 773]
Event: 1.956 Thread 0x0000018e61f19620 Exception <a 'java/lang/NoSuchMethodError'{0x0000000712077eb0}: 'java.lang.Object java.lang.invoke.DirectMethodHandle$Holder.invokeVirtual(java.lang.Object, java.lang.Object, java.lang.Object)'> (0x0000000712077eb0) 
thrown [s\open\src\hotspot\share\interpreter\linkResolver.cpp, line 773]
Event: 1.963 Thread 0x0000018e61f19620 Exception <a 'java/lang/NoSuchMethodError'{0x0000000712098558}: 'java.lang.Object java.lang.invoke.DirectMethodHandle$Holder.invokeStatic(java.lang.Object, long, java.lang.Object)'> (0x0000000712098558) 
thrown [s\open\src\hotspot\share\interpreter\linkResolver.cpp, line 773]
Event: 1.963 Thread 0x0000018e61f19620 Exception <a 'java/lang/NoSuchMethodError'{0x000000071209bbb0}: 'java.lang.Object java.lang.invoke.DirectMethodHandle$Holder.invokeStaticInit(java.lang.Object, long, java.lang.Object)'> (0x000000071209bbb0) 
thrown [s\open\src\hotspot\share\interpreter\linkResolver.cpp, line 773]
Event: 1.964 Thread 0x0000018e61f19620 Exception <a 'java/lang/NoSuchMethodError'{0x00000007120a1910}: 'java.lang.Object java.lang.invoke.DirectMethodHandle$Holder.newInvokeSpecial(java.lang.Object, long)'> (0x00000007120a1910) 
thrown [s\open\src\hotspot\share\interpreter\linkResolver.cpp, line 773]
Event: 1.993 Thread 0x0000018e61f19620 Exception <a 'java/lang/NoSuchMethodError'{0x00000007120f7c40}: 'void java.lang.invoke.DirectMethodHandle$Holder.invokeSpecial(java.lang.Object, java.lang.Object, java.lang.Object, java.lang.Object, java.lang.Object, java.lang.Object)'> (0x00000007120f7c40) 
thrown [s\open\src\hotspot\share\interpreter\linkResolver.cpp, line 773]
Event: 1.995 Thread 0x0000018e61f19620 Exception <a 'java/lang/NoSuchMethodError'{0x00000007120ffde0}: 'java.lang.Object java.lang.invoke.DirectMethodHandle$Holder.newInvokeSpecial(java.lang.Object, java.lang.Object, java.lang.Object, java.lang.Object, java.lang.Object, java.lang.Object)'> (0x00000007120ffde0) 
thrown [s\open\src\hotspot\share\interpreter\linkResolver.cpp, line 773]
Event: 2.106 Thread 0x0000018e61f19620 Exception <a 'java/lang/NoSuchMethodError'{0x0000000711eb1408}: 'void java.lang.invoke.DirectMethodHandle$Holder.invokeSpecialIFC(java.lang.Object, java.lang.Object, java.lang.Object, java.lang.Object, java.lang.Object)'> (0x0000000711eb1408) 
thrown [s\open\src\hotspot\share\interpreter\linkResolver.cpp, line 773]
Event: 2.226 Thread 0x0000018e61f19620 Exception <a 'java/lang/NoSuchMethodError'{0x0000000711d15818}: 'int java.lang.invoke.DirectMethodHandle$Holder.invokeVirtual(java.lang.Object, java.lang.Object, java.lang.Object)'> (0x0000000711d15818) 
thrown [s\open\src\hotspot\share\interpreter\linkResolver.cpp, line 773]
Event: 2.237 Thread 0x0000018e61f19620 Exception <a 'java/lang/NoSuchMethodError'{0x0000000711d3cbb0}: 'int java.lang.invoke.DirectMethodHandle$Holder.invokeVirtual(java.lang.Object, java.lang.Object, java.lang.Object, java.lang.Object)'> (0x0000000711d3cbb0) 
thrown [s\open\src\hotspot\share\interpreter\linkResolver.cpp, line 773]
Event: 2.341 Thread 0x0000018e61f19620 Exception <a 'java/lang/NoSuchMethodError'{0x0000000711a6d130}: 'void java.lang.invoke.DirectMethodHandle$Holder.invokeSpecial(java.lang.Object, java.lang.Object, java.lang.Object)'> (0x0000000711a6d130) 
thrown [s\open\src\hotspot\share\interpreter\linkResolver.cpp, line 773]
Event: 2.360 Thread 0x0000018e61f19620 Exception <a 'java/lang/IncompatibleClassChangeError'{0x0000000711a9d4a0}: Found class java.lang.Object, but interface was expected> (0x0000000711a9d4a0) 
thrown [s\open\src\hotspot\share\interpreter\linkResolver.cpp, line 840]
Event: 2.373 Thread 0x0000018e61f19620 Exception <a 'java/lang/NoSuchMethodError'{0x0000000711aedeb0}: 'java.lang.Object java.lang.invoke.DirectMethodHandle$Holder.invokeStaticInit(java.lang.Object, int)'> (0x0000000711aedeb0) 
thrown [s\open\src\hotspot\share\interpreter\linkResolver.cpp, line 773]
Event: 2.378 Thread 0x0000018e61f19620 Exception <a 'java/lang/NoSuchMethodError'{0x0000000711af8de8}: 'java.lang.Object java.lang.invoke.DirectMethodHandle$Holder.invokeStatic(java.lang.Object, int, java.lang.Object)'> (0x0000000711af8de8) 
thrown [s\open\src\hotspot\share\interpreter\linkResolver.cpp, line 773]
Event: 2.379 Thread 0x0000018e61f19620 Exception <a 'java/lang/NoSuchMethodError'{0x0000000711afc438}: 'java.lang.Object java.lang.invoke.DirectMethodHandle$Holder.invokeStaticInit(java.lang.Object, int, java.lang.Object)'> (0x0000000711afc438) 
thrown [s\open\src\hotspot\share\interpreter\linkResolver.cpp, line 773]
Event: 2.780 Thread 0x0000018e61f19620 Exception <a 'java/lang/NoSuchMethodError'{0x0000000712282068}: 'java.lang.reflect.Field[] java.lang.Class.getDeclaredFields(java.lang.Class)'> (0x0000000712282068) 
thrown [s\open\src\hotspot\share\interpreter\linkResolver.cpp, line 773]
Event: 2.783 Thread 0x0000018e61f19620 Exception <a 'java/lang/NoSuchMethodError'{0x00000007122869f0}: 'java.lang.Object java.lang.invoke.DirectMethodHandle$Holder.invokeStatic(java.lang.Object, java.lang.Object, int)'> (0x00000007122869f0) 
thrown [s\open\src\hotspot\share\interpreter\linkResolver.cpp, line 773]
Event: 2.786 Thread 0x0000018e61f19620 Exception <a 'java/lang/NoSuchMethodError'{0x0000000712291b70}: 'void java.lang.invoke.DelegatingMethodHandle$Holder.delegate(java.lang.Object, java.lang.Object, int, java.lang.Object)'> (0x0000000712291b70) 
thrown [s\open\src\hotspot\share\interpreter\linkResolver.cpp, line 773]
Event: 2.883 Thread 0x0000018e61f19620 Exception <a 'java/lang/NoSuchMethodError'{0x000000071211dad0}: 'void java.lang.invoke.DirectMethodHandle$Holder.invokeStatic(java.lang.Object, long)'> (0x000000071211dad0) 
thrown [s\open\src\hotspot\share\interpreter\linkResolver.cpp, line 773]

VM Operations (20 events):
Event: 1.421 Executing VM operation: G1CollectForAllocation
Event: 1.429 Executing VM operation: G1CollectForAllocation done
Event: 1.472 Executing VM operation: HandshakeAllThreads
Event: 1.472 Executing VM operation: HandshakeAllThreads done
Event: 1.796 Executing VM operation: HandshakeAllThreads
Event: 1.796 Executing VM operation: HandshakeAllThreads done
Event: 2.185 Executing VM operation: ICBufferFull
Event: 2.186 Executing VM operation: ICBufferFull done
Event: 2.320 Executing VM operation: HandshakeAllThreads
Event: 2.320 Executing VM operation: HandshakeAllThreads done
Event: 2.330 Executing VM operation: HandshakeAllThreads
Event: 2.330 Executing VM operation: HandshakeAllThreads done
Event: 2.331 Executing VM operation: HandshakeAllThreads
Event: 2.331 Executing VM operation: HandshakeAllThreads done
Event: 2.517 Executing VM operation: G1CollectForAllocation
Event: 2.530 Executing VM operation: G1CollectForAllocation done
Event: 2.782 Executing VM operation: HandshakeAllThreads
Event: 2.782 Executing VM operation: HandshakeAllThreads done
Event: 3.315 Executing VM operation: HandshakeAllThreads
Event: 3.315 Executing VM operation: HandshakeAllThreads done

Events (19 events):
Event: 0.073 Thread 0x0000018e61f19620 Thread added: 0x0000018e61f19620
Event: 0.103 Thread 0x0000018e7f46dd60 Thread added: 0x0000018e7f46dd60
Event: 0.104 Thread 0x0000018e7f46ed00 Thread added: 0x0000018e7f46ed00
Event: 0.104 Thread 0x0000018e7f473d40 Thread added: 0x0000018e7f473d40
Event: 0.104 Thread 0x0000018e7f474880 Thread added: 0x0000018e7f474880
Event: 0.105 Thread 0x0000018e7f4787a0 Thread added: 0x0000018e7f4787a0
Event: 0.105 Thread 0x0000018e7f47a890 Thread added: 0x0000018e7f47a890
Event: 0.105 Thread 0x0000018e7f47be40 Thread added: 0x0000018e7f47be40
Event: 0.105 Thread 0x0000018e7f489810 Thread added: 0x0000018e7f489810
Event: 0.330 Thread 0x0000018e7f68fcd0 Thread added: 0x0000018e7f68fcd0
Event: 0.531 Thread 0x0000018e7f9339b0 Thread added: 0x0000018e7f9339b0
Event: 0.645 Thread 0x0000018e7f9ae420 Thread added: 0x0000018e7f9ae420
Event: 0.645 Thread 0x0000018e7f9ae970 Thread added: 0x0000018e7f9ae970
Event: 2.198 Thread 0x0000018e47b72380 Thread added: 0x0000018e47b72380
Event: 2.215 Thread 0x0000018e7f9339b0 Thread exited: 0x0000018e7f9339b0
Event: 2.352 Thread 0x0000018e47b73990 Thread added: 0x0000018e47b73990
Event: 2.888 Thread 0x0000018e47d58930 Thread added: 0x0000018e47d58930
Event: 2.888 Thread 0x0000018e47d57940 Thread added: 0x0000018e47d57940
Event: 3.252 Thread 0x0000018e47e91090 Thread added: 0x0000018e47e91090


Dynamic libraries:
0x00007ff6655b0000 - 0x00007ff6655be000 	C:\Users\default.DESKTOP-IAVQS17\.jdks\openjdk-20.0.2\bin\java.exe
0x00007fff7e1b0000 - 0x00007fff7e3a8000 	C:\WINDOWS\SYSTEM32\ntdll.dll
0x00007fff7d150000 - 0x00007fff7d20d000 	C:\WINDOWS\System32\KERNEL32.DLL
0x00007fff7be10000 - 0x00007fff7c106000 	C:\WINDOWS\System32\KERNELBASE.dll
0x00007fff7bbc0000 - 0x00007fff7bcc0000 	C:\WINDOWS\System32\ucrtbase.dll
0x00007fff738e0000 - 0x00007fff738fb000 	C:\Users\default.DESKTOP-IAVQS17\.jdks\openjdk-20.0.2\bin\VCRUNTIME140.dll
0x00007fff74430000 - 0x00007fff74447000 	C:\Users\default.DESKTOP-IAVQS17\.jdks\openjdk-20.0.2\bin\jli.dll
0x00007fff7dca0000 - 0x00007fff7de3f000 	C:\WINDOWS\System32\USER32.dll
0x00007fff7c110000 - 0x00007fff7c132000 	C:\WINDOWS\System32\win32u.dll
0x00007fff616d0000 - 0x00007fff6196a000 	C:\WINDOWS\WinSxS\amd64_microsoft.windows.common-controls_6595b64144ccf1df_6.0.19041.4355_none_60b8b9eb71f62e16\COMCTL32.dll
0x00007fff7c3e0000 - 0x00007fff7c47e000 	C:\WINDOWS\System32\msvcrt.dll
0x00007fff7c210000 - 0x00007fff7c23b000 	C:\WINDOWS\System32\GDI32.dll
0x00007fff7baa0000 - 0x00007fff7bbb7000 	C:\WINDOWS\System32\gdi32full.dll
0x00007fff7b870000 - 0x00007fff7b90d000 	C:\WINDOWS\System32\msvcp_win.dll
0x00007fff7d350000 - 0x00007fff7d37f000 	C:\WINDOWS\System32\IMM32.DLL
0x00007fff73910000 - 0x00007fff7391c000 	C:\Users\default.DESKTOP-IAVQS17\.jdks\openjdk-20.0.2\bin\vcruntime140_1.dll
0x00007fff46c00000 - 0x00007fff46c8e000 	C:\Users\default.DESKTOP-IAVQS17\.jdks\openjdk-20.0.2\bin\msvcp140.dll
0x00007fff232f0000 - 0x00007fff23f88000 	C:\Users\default.DESKTOP-IAVQS17\.jdks\openjdk-20.0.2\bin\server\jvm.dll
0x00007fff7e060000 - 0x00007fff7e110000 	C:\WINDOWS\System32\ADVAPI32.dll
0x00007fff7c480000 - 0x00007fff7c520000 	C:\WINDOWS\System32\sechost.dll
0x00007fff7de50000 - 0x00007fff7df73000 	C:\WINDOWS\System32\RPCRT4.dll
0x00007fff7b910000 - 0x00007fff7b937000 	C:\WINDOWS\System32\bcrypt.dll
0x00007fff56e20000 - 0x00007fff56e29000 	C:\WINDOWS\SYSTEM32\WSOCK32.dll
0x00007fff57270000 - 0x00007fff57297000 	C:\WINDOWS\SYSTEM32\WINMM.dll
0x00007fff7d0e0000 - 0x00007fff7d14b000 	C:\WINDOWS\System32\WS2_32.dll
0x00007fff67f40000 - 0x00007fff67f4a000 	C:\WINDOWS\SYSTEM32\VERSION.dll
0x00007fff7a040000 - 0x00007fff7a052000 	C:\WINDOWS\SYSTEM32\kernel.appcore.dll
0x00007fff738d0000 - 0x00007fff738da000 	C:\Users\default.DESKTOP-IAVQS17\.jdks\openjdk-20.0.2\bin\jimage.dll
0x00007fff795b0000 - 0x00007fff79794000 	C:\WINDOWS\SYSTEM32\DBGHELP.DLL
0x00007fff5f8e0000 - 0x00007fff5f914000 	C:\WINDOWS\SYSTEM32\dbgcore.DLL
0x00007fff7bd80000 - 0x00007fff7be02000 	C:\WINDOWS\System32\bcryptPrimitives.dll
0x00007fff72930000 - 0x00007fff7293e000 	C:\Users\default.DESKTOP-IAVQS17\.jdks\openjdk-20.0.2\bin\instrument.dll
0x00007fff73840000 - 0x00007fff73866000 	C:\Users\default.DESKTOP-IAVQS17\.jdks\openjdk-20.0.2\bin\java.dll
0x00007fff3aa20000 - 0x00007fff3aaf7000 	C:\Users\default.DESKTOP-IAVQS17\.jdks\openjdk-20.0.2\bin\jsvml.dll
0x00007fff7d380000 - 0x00007fff7daec000 	C:\WINDOWS\System32\SHELL32.dll
0x00007fff79890000 - 0x00007fff7a02d000 	C:\WINDOWS\SYSTEM32\windows.storage.dll
0x00007fff7c520000 - 0x00007fff7c873000 	C:\WINDOWS\System32\combase.dll
0x00007fff7b140000 - 0x00007fff7b16e000 	C:\WINDOWS\SYSTEM32\Wldp.dll
0x00007fff7c9f0000 - 0x00007fff7cabd000 	C:\WINDOWS\System32\OLEAUT32.dll
0x00007fff7c880000 - 0x00007fff7c92d000 	C:\WINDOWS\System32\SHCORE.dll
0x00007fff7c930000 - 0x00007fff7c985000 	C:\WINDOWS\System32\shlwapi.dll
0x00007fff7b7a0000 - 0x00007fff7b7c4000 	C:\WINDOWS\SYSTEM32\profapi.dll
0x00007fff71260000 - 0x00007fff71278000 	C:\Users\default.DESKTOP-IAVQS17\.jdks\openjdk-20.0.2\bin\zip.dll
0x00007fff726c0000 - 0x00007fff726d3000 	C:\Users\default.DESKTOP-IAVQS17\.jdks\openjdk-20.0.2\bin\net.dll
0x00007fff70ef0000 - 0x00007fff70ffa000 	C:\WINDOWS\SYSTEM32\WINHTTP.dll
0x00007fff7af20000 - 0x00007fff7af8a000 	C:\WINDOWS\system32\mswsock.dll
0x00007fff72550000 - 0x00007fff72566000 	C:\Users\default.DESKTOP-IAVQS17\.jdks\openjdk-20.0.2\bin\nio.dll
0x00007fff711f0000 - 0x00007fff7120a000 	C:\Program Files\JetBrains\IntelliJ IDEA Community Edition 2024.1.4\bin\breakgen64.dll
0x00007fff72260000 - 0x00007fff72267000 	C:\Users\default.DESKTOP-IAVQS17\.jdks\openjdk-20.0.2\bin\extnet.dll
0x00007fff71a00000 - 0x00007fff71a0e000 	C:\Users\default.DESKTOP-IAVQS17\.jdks\openjdk-20.0.2\bin\sunmscapi.dll
0x00007fff7b940000 - 0x00007fff7ba9e000 	C:\WINDOWS\System32\CRYPT32.dll
0x00007fff7b290000 - 0x00007fff7b2b9000 	C:\WINDOWS\SYSTEM32\ncrypt.dll
0x00007fff7b250000 - 0x00007fff7b28b000 	C:\WINDOWS\SYSTEM32\NTASN1.dll

dbghelp: loaded successfully - version: 4.0.5 - missing functions: none
symbol engine: initialized successfully - sym options: 0x614 - pdb path: .;C:\Users\default.DESKTOP-IAVQS17\.jdks\openjdk-20.0.2\bin;C:\WINDOWS\SYSTEM32;C:\WINDOWS\WinSxS\amd64_microsoft.windows.common-controls_6595b64144ccf1df_6.0.19041.4355_none_60b8b9eb71f62e16;C:\Users\default.DESKTOP-IAVQS17\.jdks\openjdk-20.0.2\bin\server;C:\Program Files\JetBrains\IntelliJ IDEA Community Edition 2024.1.4\bin

VM Arguments:
jvm_args: -javaagent:C:\Program Files\JetBrains\IntelliJ IDEA Community Edition 2024.1.4\lib\idea_rt.jar=51386:C:\Program Files\JetBrains\IntelliJ IDEA Community Edition 2024.1.4\bin -Dfile.encoding=UTF-8 -Dsun.stdout.encoding=UTF-8 -Dsun.stderr.encoding=UTF-8 
java_command: com.store.StoreApplication
java_class_path (initial): D:\cplus\probleme_mark\W\store\target\classes;C:\Users\default.DESKTOP-IAVQS17\.m2\repository\io\jsonwebtoken\jjwt-api\0.11.5\jjwt-api-0.11.5.jar;C:\Users\default.DESKTOP-IAVQS17\.m2\repository\io\jsonwebtoken\jjwt-impl\0.11.5\jjwt-impl-0.11.5.jar;C:\Users\default.DESKTOP-IAVQS17\.m2\repository\io\jsonwebtoken\jjwt-jackson\0.11.5\jjwt-jackson-0.11.5.jar;C:\Users\default.DESKTOP-IAVQS17\.m2\repository\com\fasterxml\jackson\core\jackson-databind\2.17.1\jackson-databind-2.17.1.jar;C:\Users\default.DESKTOP-IAVQS17\.m2\repository\com\fasterxml\jackson\core\jackson-annotations\2.17.1\jackson-annotations-2.17.1.jar;C:\Users\default.DESKTOP-IAVQS17\.m2\repository\com\fasterxml\jackson\core\jackson-core\2.17.1\jackson-core-2.17.1.jar;C:\Users\default.DESKTOP-IAVQS17\.m2\repository\org\springframework\boot\spring-boot-starter-security\3.3.1\spring-boot-starter-security-3.3.1.jar;C:\Users\default.DESKTOP-IAVQS17\.m2\repository\org\springframework\boot\spring-boot-starter\3.3.1\spring-boot-starter-3.3.1.jar;C:\Users\default.DESKTOP-IAVQS17\.m2\repository\org\springframework\boot\spring-boot-autoconfigure\3.3.1\spring-boot-autoconfigure-3.3.1.jar;C:\Users\default.DESKTOP-IAVQS17\.m2\repository\org\springframework\boot\spring-boot-starter-logging\3.3.1\spring-boot-starter-logging-3.3.1.jar;C:\Users\default.DESKTOP-IAVQS17\.m2\repository\ch\qos\logback\logback-classic\1.5.6\logback-classic-1.5.6.jar;C:\Users\default.DESKTOP-IAVQS17\.m2\repository\ch\qos\logback\logback-core\1.5.6\logback-core-1.5.6.jar;C:\Users\default.DESKTOP-IAVQS17\.m2\repository\org\apache\logging\log4j\log4j-to-slf4j\2.23.1\log4j-to-slf4j-2.23.1.jar;C:\Users\default.DESKTOP-IAVQS17\.m2\repository\org\apache\logging\log4j\log4j-api\2.23.1\log4j-api-2.23.1.jar;C:\Users\default.DESKTOP-IAVQS17\.m2\repository\org\slf4j\jul-to-slf4j\2.0.13\jul-to-slf4j-2.0.13.jar;C:\Users\default.DESKTOP-IAVQS17\.m2\repository\jakarta\annotation\jakarta.annotation-api\2.1.1\jakarta.annotation-api-2.1.1.jar;C:\Users\default.DESKTOP-IAVQS17\.m2\repository\org\yaml\snakeyaml\2.2\snakeyaml-2.2.jar;C:\Users\default.DESKTOP-IAVQS17\.m2\repository\org\springframework\spring-aop\6.1.10\spring-aop-6.1.10.jar;C:\Users\default.DESKTOP-IAVQS17\.m2\repository\org\springframework\spring-beans\6.1.10\spring-beans-6.1.10.jar;C:\Users\default.DESKTOP-IAVQS17\.m2\repository\org\springframework\security\spring-security-config\6.3.1\spring-security-config-6.3.1.jar;C:\Users\default.DESKTOP-IAVQS17\.m2\repository\org\springframework\security\spring-security-core\6.3.1\spring-security-core-6.3.1.jar;C:\Users\default.DESKTOP-IAVQS17\.m2\repository\org\springframework\security\spring-security-crypto\6.3.1\spring-security-crypto-6.3.1.jar;C:\Users\default.DESKTOP-IAVQS17\.m2\repository\org\springframework\spring-context\6.1.10\spring-context-6.1.10.jar;C:\Users\default.DESKTOP-IAVQS17\.m2\repository\org\springframework\security\spring-security-web\6.3.1\spring-security-web-6.3.1.jar;C:\Users\default.DESKTOP-IAVQS17\.m2\repository\org\springframework\spring-expression\6.1.10\spring-expression-6.1.10.jar;C:\Users\default.DESKTOP-IAVQS17\.m2\repository\org\slf4j\slf4j-api\2.0.13\slf4j-api-2.0.13.jar;C:\Users\default.DESKTOP-IAVQS17\.m2\repository\org\apache\commons\commons-lang3\3.14.0\commons-lang3-3.14.0.jar;C:\Users\default.DESKTOP-IAVQS17\.m2\repository\org\flywaydb\flyway-database-postgresql\10.10.0\flyway-database-postgresql-10.10.0.jar;C:\Users\default.DESKTOP-IAVQS17\.m2\repository\org\postgresql\postgresql\42.7.3\postgresql-42.7.3.jar;C:\Users\default.DESKTOP-IAVQS17\.m2\repository\org\checkerframework\checker-qual\3.42.0\checker-qual-3.42.0.jar;C:\Users\default.DESKTOP-IAVQS17\.m2\repository\org\flywaydb\flyway-core\10.10.0\flyway-core-10.10.0.jar;C:\Users\default.DESKTOP-IAVQS17\.m2\repository\com\fasterxml\jackson\dataformat\jackson-dataformat-toml\2.17.1\jackson-dataformat-toml-2.17.1.jar;C:\Users\default.DESKTOP-IAVQS17\.m2\repository\com\google\code\gson\gson\2.10.1\gson-2.10.1.jar;C:\Users\default.DESKTOP-IAVQS17\.m2\repository\org\springframework\boot\spring-boot-starter-data-jpa\3.3.1\spring-boot-starter-data-jpa-3.3.1.jar;C:\Users\default.DESKTOP-IAVQS17\.m2\repository\org\springframework\boot\spring-boot-starter-aop\3.3.1\spring-boot-starter-aop-3.3.1.jar;C:\Users\default.DESKTOP-IAVQS17\.m2\repository\org\aspectj\aspectjweaver\1.9.22\aspectjweaver-1.9.22.jar;C:\Users\default.DESKTOP-IAVQS17\.m2\repository\org\springframework\boot\spring-boot-starter-jdbc\3.3.1\spring-boot-starter-jdbc-3.3.1.jar;C:\Users\default.DESKTOP-IAVQS17\.m2\repository\com\zaxxer\HikariCP\5.1.0\HikariCP-5.1.0.jar;C:\Users\default.DESKTOP-IAVQS17\.m2\repository\org\springframework\spring-jdbc\6.1.10\spring-jdbc-6.1.10.jar;C:\Users\default.DESKTOP-IAVQS17\.m2\repository\org\hibernate\orm\hibernate-core\6.5.2.Final\hibernate-core-6.5.2.Final.jar;C:\Users\default.DESKTOP-IAVQS17\.m2\repository\jakarta\persistence\jakarta.persistence-api\3.1.0\jakarta.persistence-api-3.1.0.jar;C:\Users\default.DESKTOP-IAVQS17\.m2\repository\jakarta\transaction\jakarta.transaction-api\2.0.1\jakarta.transaction-api-2.0.1.jar;C:\Users\default.DESKTOP-IAVQS17\.m2\repository\org\jboss\logging\jboss-logging\3.5.3.Final\jboss-logging-3.5.3.Final.jar;C:\Users\default.DESKTOP-IAVQS17\.m2\repository\org\hibernate\common\hibernate-commons-annotations\6.0.6.Final\hibernate-commons-annotations-6.0.6.Final.jar;C:\Users\default.DESKTOP-IAVQS17\.m2\repository\io\smallrye\jandex\3.1.2\jandex-3.1.2.jar;C:\Users\default.DESKTOP-IAVQS17\.m2\repository\com\fasterxml\classmate\1.7.0\classmate-1.7.0.jar;C:\Users\default.DESKTOP-IAVQS17\.m2\repository\net\bytebuddy\byte-buddy\1.14.17\byte-buddy-1.14.17.jar;C:\Users\default.DESKTOP-IAVQS17\.m2\repository\org\glassfish\jaxb\jaxb-runtime\4.0.5\jaxb-runtime-4.0.5.jar;C:\Users\default.DESKTOP-IAVQS17\.m2\repository\org\glassfish\jaxb\jaxb-core\4.0.5\jaxb-core-4.0.5.jar;C:\Users\default.DESKTOP-IAVQS17\.m2\repository\org\eclipse\angus\angus-activation\2.0.2\angus-activation-2.0.2.jar;C:\Users\default.DESKTOP-IAVQS17\.m2\repository\org\glassfish\jaxb\txw2\4.0.5\txw2-4.0.5.jar;C:\Users\default.DESKTOP-IAVQS17\.m2\repository\com\sun\istack\istack-commons-runtime\4.1.2\istack-commons-runtime-4.1.2.jar;C:\Users\default.DESKTOP-IAVQS17\.m2\repository\jakarta\inject\jakarta.inject-api\2.0.1\jakarta.inject-api-2.0.1.jar;C:\Users\default.DESKTOP-IAVQS17\.m2\repository\org\antlr\antlr4-runtime\4.13.0\antlr4-runtime-4.13.0.jar;C:\Users\default.DESKTOP-IAVQS17\.m2\repository\org\springframework\data\spring-data-jpa\3.3.1\spring-data-jpa-3.3.1.jar;C:\Users\default.DESKTOP-IAVQS17\.m2\repository\org\springframework\data\spring-data-commons\3.3.1\spring-data-commons-3.3.1.jar;C:\Users\default.DESKTOP-IAVQS17\.m2\repository\org\springframework\spring-orm\6.1.10\spring-orm-6.1.10.jar;C:\Users\default.DESKTOP-IAVQS17\.m2\repository\org\springframework\spring-tx\6.1.10\spring-tx-6.1.10.jar;C:\Users\default.DESKTOP-IAVQS17\.m2\repository\org\springframework\spring-aspects\6.1.10\spring-aspects-6.1.10.jar;C:\Users\default.DESKTOP-IAVQS17\.m2\repository\org\springframework\boot\spring-boot-starter-web\3.3.1\spring-boot-starter-web-3.3.1.jar;C:\Users\default.DESKTOP-IAVQS17\.m2\repository\org\springframework\boot\spring-boot-starter-json\3.3.1\spring-boot-starter-json-3.3.1.jar;C:\Users\default.DESKTOP-IAVQS17\.m2\repository\com\fasterxml\jackson\datatype\jackson-datatype-jdk8\2.17.1\jackson-datatype-jdk8-2.17.1.jar;C:\Users\default.DESKTOP-IAVQS17\.m2\repository\com\fasterxml\jackson\datatype\jackson-datatype-jsr310\2.17.1\jackson-datatype-jsr310-2.17.1.jar;C:\Users\default.DESKTOP-IAVQS17\.m2\repository\org\springframework\boot\spring-boot-starter-tomcat\3.3.1\spring-boot-starter-tomcat-3.3.1.jar;C:\Users\default.DESKTOP-IAVQS17\.m2\repository\org\apache\tomcat\embed\tomcat-embed-core\10.1.25\tomcat-embed-core-10.1.25.jar;C:\Users\default.DESKTOP-IAVQS17\.m2\repository\org\apache\tomcat\embed\tomcat-embed-websocket\10.1.25\tomcat-embed-websocket-10.1.25.jar;C:\Users\default.DESKTOP-IAVQS17\.m2\repository\org\springframework\spring-web\6.1.10\spring-web-6.1.10.jar;C:\Users\default.DESKTOP-IAVQS17\.m2\repository\io\micrometer\micrometer-observation\1.13.1\micrometer-observation-1.13.1.jar;C:\Users\default.DESKTOP-IAVQS17\.m2\repository\io\micrometer\micrometer-commons\1.13.1\micrometer-commons-1.13.1.jar;C:\Users\default.DESKTOP-IAVQS17\.m2\repository\org\springframework\spring-webmvc\6.1.10\spring-webmvc-6.1.10.jar;C:\Users\default.DESKTOP-IAVQS17\.m2\repository\org\springdoc\springdoc-openapi-starter-webmvc-ui\2.0.2\springdoc-openapi-starter-webmvc-ui-2.0.2.jar;C:\Users\default.DESKTOP-IAVQS17\.m2\repository\org\springdoc\springdoc-openapi-starter-webmvc-api\2.0.2\springdoc-openapi-starter-webmvc-api-2.0.2.jar;C:\Users\default.DESKTOP-IAVQS17\.m2\repository\org\springdoc\springdoc-openapi-starter-common\2.0.2\springdoc-openapi-starter-common-2.0.2.jar;C:\Users\default.DESKTOP-IAVQS17\.m2\repository\io\swagger\core\v3\swagger-core-jakarta\2.2.7\swagger-core-jakarta-2.2.7.jar;C:\Users\default.DESKTOP-IAVQS17\.m2\repository\io\swagger\core\v3\swagger-annotations-jakarta\2.2.7\swagger-annotations-jakarta-2.2.7.jar;C:\Users\default.DESKTOP-IAVQS17\.m2\repository\io\swagger\core\v3\swagger-models-jakarta\2.2.7\swagger-models-jakarta-2.2.7.jar;C:\Users\default.DESKTOP-IAVQS17\.m2\repository\com\fasterxml\jackson\dataformat\jackson-dataformat-yaml\2.17.1\jackson-dataformat-yaml-2.17.1.jar;C:\Users\default.DESKTOP-IAVQS17\.m2\repository\org\webjars\swagger-ui\4.15.5\swagger-ui-4.15.5.jar;C:\Users\default.DESKTOP-IAVQS17\.m2\repository\org\webjars\webjars-locator-core\0.58\webjars-locator-core-0.58.jar;C:\Users\default.DESKTOP-IAVQS17\.m2\repository\io\github\classgraph\classgraph\4.8.149\classgraph-4.8.149.jar;C:\Users\default.DESKTOP-IAVQS17\.m2\repository\org\springframework\boot\spring-boot-docker-compose\3.3.1\spring-boot-docker-compose-3.3.1.jar;C:\Users\default.DESKTOP-IAVQS17\.m2\repository\org\springframework\boot\spring-boot\3.3.1\spring-boot-3.3.1.jar;C:\Users\default.DESKTOP-IAVQS17\.m2\repository\com\fasterxml\jackson\module\jackson-module-parameter-names\2.17.1\jackson-module-parameter-names-2.17.1.jar;C:\Users\default.DESKTOP-IAVQS17\.m2\repository\org\projectlombok\lombok\1.18.32\lombok-1.18.32.jar;C:\Users\default.DESKTOP-IAVQS17\.m2\repository\jakarta\xml\bind\jakarta.xml.bind-api\4.0.2\jakarta.xml.bind-api-4.0.2.jar;C:\Users\default.DESKTOP-IAVQS17\.m2\repository\jakarta\activation\jakarta.activation-api\2.1.3\jakarta.activation-api-2.1.3.jar;C:\Users\default.DESKTOP-IAVQS17\.m2\repository\org\springframework\spring-core\6.1.10\spring-core-6.1.10.jar;C:\Users\default.DESKTOP-IAVQS17\.m2\repository\org\springframework\spring-jcl\6.1.10\spring-jcl-6.1.10.jar;C:\Users\default.DESKTOP-IAVQS17\.m2\repository\org\springframework\boot\spring-boot-starter-validation\3.3.1\spring-boot-starter-validation-3.3.1.jar;C:\Users\default.DESKTOP-IAVQS17\.m2\repository\org\apache\tomcat\embed\tomcat-embed-el\10.1.25\tomcat-embed-el-10.1.25.jar;C:\Users\default.DESKTOP-IAVQS17\.m2\repository\org\hibernate\validator\hibernate-validator\8.0.1.Final\hibernate-validator-8.0.1.Final.jar;C:\Users\default.DESKTOP-IAVQS17\.m2\repository\jakarta\validation\jakarta.validation-api\3.0.2\jakarta.validation-api-3.0.2.jar;C:\Users\default.DESKTOP-IAVQS17\.m2\repository\org\mapstruct\mapstruct\1.5.0.Final\mapstruct-1.5.0.Final.jar
Launcher Type: SUN_STANDARD

[Global flags]
     intx CICompilerCount                          = 4                                         {product} {ergonomic}
     uint ConcGCThreads                            = 2                                         {product} {ergonomic}
     uint G1ConcRefinementThreads                  = 8                                         {product} {ergonomic}
   size_t G1HeapRegionSize                         = 2097152                                   {product} {ergonomic}
    uintx GCDrainStackTargetSize                   = 64                                        {product} {ergonomic}
   size_t InitialHeapSize                          = 266338304                                 {product} {ergonomic}
   size_t MarkStackSize                            = 4194304                                   {product} {ergonomic}
   size_t MaxHeapSize                              = 4246732800                                {product} {ergonomic}
   size_t MaxNewSize                               = 2548039680                                {product} {ergonomic}
   size_t MinHeapDeltaBytes                        = 2097152                                   {product} {ergonomic}
   size_t MinHeapSize                              = 8388608                                   {product} {ergonomic}
    uintx NonNMethodCodeHeapSize                   = 5839372                                {pd product} {ergonomic}
    uintx NonProfiledCodeHeapSize                  = 122909434                              {pd product} {ergonomic}
    uintx ProfiledCodeHeapSize                     = 122909434                              {pd product} {ergonomic}
    uintx ReservedCodeCacheSize                    = 251658240                              {pd product} {ergonomic}
     bool SegmentedCodeCache                       = true                                      {product} {ergonomic}
   size_t SoftMaxHeapSize                          = 4246732800                             {manageable} {ergonomic}
     bool UseCompressedClassPointers               = true                           {product lp64_product} {ergonomic}
     bool UseCompressedOops                        = true                           {product lp64_product} {ergonomic}
     bool UseG1GC                                  = true                                      {product} {ergonomic}
     bool UseLargePagesIndividualAllocation        = false                                  {pd product} {ergonomic}

Logging:
Log output configuration:
 #0: stdout all=warning uptime,level,tags foldmultilines=false
 #1: stderr all=off uptime,level,tags foldmultilines=false

Environment Variables:
JAVA_HOME=C:\Program Files\Java\jdk-13.0.2
PATH=C:\Windows\System32;C:\Windows;C:\Windows\System32\wbem;C:\Windows\System32\WindowsPowerShell\v1.0\;C:\Windows\System32\OpenSSH\;C:\Program Files\PuTTY\;C:\Program Files (x86)\GnuPG\bin;C:\Program Files\Java\jdk-13.0.2\bin;C:\Users\Sergiu\AppData\Local\Android\Sdk\platform-tools\;C:\Program Files\Microsoft Network Monitor 3\;C:\Program Files (x86)\Microsoft SQL Server\150\DTS\Binn\;C:\Program Files\Azure Data Studio\bin;C:\Program Files\Microsoft SQL Server\Client SDK\ODBC\170\Tools\Binn\;C:\Program Files (x86)\Microsoft SQL Server\150\Tools\Binn\;C:\Program Files\Microsoft SQL Server\150\Tools\Binn\;C:\Program Files\Microsoft SQL Server\150\DTS\Binn\;C:\Program Files\nodejs\;C:\Program Files\Docker\Docker\resources\bin;C:\ProgramData\DockerDesktop\version-bin;C:\Program Files\dotnet\;C:\Program Files (x86)\dotnet\;C:\Program Files\Microsoft SQL Server\130\Tools\Binn\;C:\Program Files\Git\cmd;C:\Program Files\Rancher Desktop\resources\resources\win32\bin\;C:\Program Files\Rancher Desktop\resources\resources\linux\bin\;C:\Users\default.DESKTOP-IAVQS17\AppData\Local\Programs\Python\Python312\Scripts\;C:\Users\default.DESKTOP-IAVQS17\AppData\Local\Programs\Python\Python312\;C:\Users\default.DESKTOP-IAVQS17\AppData\Local\Microsoft\WindowsApps;C:\Users\default.DESKTOP-IAVQS17\AppData\Roaming\npm;C:\Users\default.DESKTOP-IAVQS17\AppData\Local\Programs\Microsoft VS Code\bin;C:\Users\default.DESKTOP-IAVQS17\.dotnet\tools;C:\Program Files\JetBrains\PyCharm Community Edition 2023.3.4\bin;
USERNAME=default
OS=Windows_NT
PROCESSOR_IDENTIFIER=Intel64 Family 6 Model 142 Stepping 12, GenuineIntel
TMP=C:\Users\DEFAUL~1.DES\AppData\Local\Temp
TEMP=C:\Users\DEFAUL~1.DES\AppData\Local\Temp




---------------  S Y S T E M  ---------------

OS:
 Windows 10 , 64 bit Build 19041 (10.0.19041.3636)
OS uptime: 12 days 11:06 hours
Hyper-V role detected

CPU: total 8 (initial active 8) (4 cores per cpu, 2 threads per core) family 6 model 142 stepping 12 microcode 0xca, cx8, cmov, fxsr, ht, mmx, 3dnowpref, sse, sse2, sse3, ssse3, sse4.1, sse4.2, popcnt, lzcnt, tsc, tscinvbit, avx, avx2, aes, erms, clmul, bmi1, bmi2, adx, fma, vzeroupper, clflush, clflushopt, hv, rdtscp, f16c

Memory: 4k page, system-wide physical 16198M (2124M free)
TotalPageFile size 16198M (AvailPageFile size 50M)
current process WorkingSet (physical memory assigned to process): 132M, peak: 132M
current process commit charge ("private bytes"): 390M, peak: 390M

vm_info: OpenJDK 64-Bit Server VM (20.0.2+9-78) for windows-amd64 JRE (20.0.2+9-78), built on 2023-06-14T10:08:48Z by "mach5one" with MS VC++ 17.1 (VS2022)

END.
